[17-Nov-2022 09:55:50 Asia/Calcutta] PHP Notice:  Array to string conversion in /var/www/html/Samrons/public_html/public/images.php on line 2
[17-Nov-2022 09:57:25 Asia/Calcutta] PHP Notice:  Array to string conversion in /var/www/html/Samrons/public_html/public/images.php on line 2
[17-Nov-2022 09:57:25 Asia/Calcutta] PHP Notice:  Array to string conversion in /var/www/html/Samrons/public_html/public/images.php on line 2
[17-Nov-2022 09:57:29 Asia/Calcutta] PHP Notice:  Array to string conversion in /var/www/html/Samrons/public_html/public/images.php on line 2
[17-Nov-2022 09:57:29 Asia/Calcutta] PHP Notice:  Array to string conversion in /var/www/html/Samrons/public_html/public/images.php on line 2
[17-Nov-2022 09:57:45 Asia/Calcutta] PHP Notice:  Array to string conversion in /var/www/html/Samrons/public_html/public/images.php on line 2
[17-Nov-2022 09:58:07 Asia/Calcutta] PHP Notice:  Array to string conversion in /var/www/html/Samrons/public_html/public/images.php on line 2
[17-Nov-2022 10:01:19 Asia/Calcutta] PHP Parse error:  syntax error, unexpected '.' in /var/www/html/Samrons/public_html/public/images.php on line 7
[17-Nov-2022 10:01:40 Asia/Calcutta] PHP Parse error:  syntax error, unexpected '.' in /var/www/html/Samrons/public_html/public/images.php on line 7
[17-Nov-2022 10:04:35 Asia/Calcutta] PHP Notice:  Undefined index: filename in /var/www/html/Samrons/public_html/public/images.php on line 5
[17-Nov-2022 10:05:11 Asia/Calcutta] PHP Notice:  Undefined index: filename in /var/www/html/Samrons/public_html/public/images.php on line 5
[17-Nov-2022 10:05:49 Asia/Calcutta] PHP Notice:  Undefined index: filename in /var/www/html/Samrons/public_html/public/images.php on line 5
[17-Nov-2022 10:06:10 Asia/Calcutta] PHP Notice:  Undefined index: filename in /var/www/html/Samrons/public_html/public/images.php on line 5
[17-Nov-2022 10:06:31 Asia/Calcutta] PHP Notice:  Undefined index: filename in /var/www/html/Samrons/public_html/public/images.php on line 5
[17-Nov-2022 10:07:00 Asia/Calcutta] PHP Notice:  Undefined index: filename in /var/www/html/Samrons/public_html/public/images.php on line 5
[17-Nov-2022 10:10:13 Asia/Calcutta] PHP Notice:  Undefined index: filename in /var/www/html/Samrons/public_html/public/images.php on line 5
[17-Nov-2022 14:29:43 Asia/Calcutta] PHP Notice:  Undefined index: filename in /var/www/html/Samrons/public_html/public/images.php on line 5
[17-Nov-2022 14:31:42 Asia/Calcutta] PHP Notice:  Undefined index: filename in /var/www/html/Samrons/public_html/public/images.php on line 5
[17-Nov-2022 14:32:04 Asia/Calcutta] PHP Notice:  Undefined index: filename in /var/www/html/Samrons/public_html/public/images.php on line 5
[17-Nov-2022 14:32:20 Asia/Calcutta] PHP Notice:  Undefined index: filename in /var/www/html/Samrons/public_html/public/images.php on line 5
[17-Nov-2022 14:34:41 Asia/Calcutta] PHP Notice:  Undefined index: filename in /var/www/html/Samrons/public_html/public/images.php on line 5
[17-Nov-2022 14:35:14 Asia/Calcutta] PHP Notice:  Undefined index: filename in /var/www/html/Samrons/public_html/public/images.php on line 5
[17-Nov-2022 14:35:29 Asia/Calcutta] PHP Notice:  Undefined index: filename in /var/www/html/Samrons/public_html/public/images.php on line 5
[17-Nov-2022 14:35:44 Asia/Calcutta] PHP Notice:  Undefined index: filename in /var/www/html/Samrons/public_html/public/images.php on line 5
[17-Nov-2022 14:36:26 Asia/Calcutta] PHP Notice:  Undefined index: filename in /var/www/html/Samrons/public_html/public/images.php on line 5
[28-Nov-2022 17:53:16 Asia/Calcutta] PHP Notice:  Trying to get property 'url_address' of non-object in /var/www/html/Samrons/public_html/app/models/user.class.php on line 247
[28-Nov-2022 17:53:16 Asia/Calcutta] PHP Notice:  Trying to get property 'url_address' of non-object in /var/www/html/Samrons/public_html/app/models/user.class.php on line 247
[28-Nov-2022 22:07:58 Asia/Calcutta] PHP Notice:  Trying to get property 'url_address' of non-object in /var/www/html/Samrons/public_html/app/models/user.class.php on line 247
[28-Nov-2022 22:18:08 Asia/Calcutta] PHP Notice:  Trying to get property 'url_address' of non-object in /var/www/html/Samrons/public_html/app/models/user.class.php on line 247
[28-Nov-2022 22:24:18 Asia/Calcutta] PHP Notice:  Trying to get property 'url_address' of non-object in /var/www/html/Samrons/public_html/app/models/user.class.php on line 272
[28-Nov-2022 22:24:33 Asia/Calcutta] PHP Notice:  Undefined index: filename in /var/www/html/Samrons/public_html/public/images.php on line 5
[28-Nov-2022 22:48:28 Asia/Calcutta] PHP Notice:  Undefined index: filename in /var/www/html/Samrons/public_html/public/images.php on line 5
[28-Nov-2022 22:52:30 Asia/Calcutta] PHP Notice:  Undefined index: filename in /var/www/html/Samrons/public_html/public/images.php on line 5
[28-Nov-2022 22:54:49 Asia/Calcutta] PHP Notice:  Undefined index: filename in /var/www/html/Samrons/public_html/public/images.php on line 5
[28-Nov-2022 22:59:49 Asia/Calcutta] PHP Warning:  Invalid argument supplied for foreach() in /var/www/html/Samrons/public_html/app/views/samrons/admin/datatable.php on line 171
[28-Nov-2022 22:59:49 Asia/Calcutta] PHP Notice:  Undefined index: filename in /var/www/html/Samrons/public_html/public/images.php on line 5
[28-Nov-2022 23:03:27 Asia/Calcutta] PHP Notice:  Undefined index: filename in /var/www/html/Samrons/public_html/public/images.php on line 5
[28-Nov-2022 23:04:43 Asia/Calcutta] PHP Warning:  Invalid argument supplied for foreach() in /var/www/html/Samrons/public_html/app/views/samrons/admin/datatable.php on line 171
[28-Nov-2022 23:04:44 Asia/Calcutta] PHP Warning:  Invalid argument supplied for foreach() in /var/www/html/Samrons/public_html/app/views/samrons/admin/datatable.php on line 171
[28-Nov-2022 23:04:44 Asia/Calcutta] PHP Notice:  Undefined index: filename in /var/www/html/Samrons/public_html/public/images.php on line 5
[28-Nov-2022 23:04:45 Asia/Calcutta] PHP Notice:  Undefined index: filename in /var/www/html/Samrons/public_html/public/images.php on line 5
[28-Nov-2022 23:05:06 Asia/Calcutta] PHP Notice:  Undefined index: filename in /var/www/html/Samrons/public_html/public/images.php on line 5
[28-Nov-2022 23:07:10 Asia/Calcutta] PHP Notice:  Undefined index: filename in /var/www/html/Samrons/public_html/public/images.php on line 5
[28-Nov-2022 23:07:21 Asia/Calcutta] PHP Warning:  Invalid argument supplied for foreach() in /var/www/html/Samrons/public_html/app/views/samrons/admin/datatable.php on line 171
[28-Nov-2022 23:17:54 Asia/Calcutta] PHP Notice:  Undefined index: filename in /var/www/html/Samrons/public_html/public/images.php on line 5
[28-Nov-2022 23:19:03 Asia/Calcutta] PHP Warning:  Invalid argument supplied for foreach() in /var/www/html/Samrons/public_html/app/views/samrons/admin/datatable.php on line 171
[28-Nov-2022 23:19:04 Asia/Calcutta] PHP Notice:  Undefined index: filename in /var/www/html/Samrons/public_html/public/images.php on line 5
[28-Nov-2022 23:21:36 Asia/Calcutta] PHP Notice:  Undefined index: filename in /var/www/html/Samrons/public_html/public/images.php on line 5
[28-Nov-2022 23:21:45 Asia/Calcutta] PHP Notice:  Undefined index: filename in /var/www/html/Samrons/public_html/public/images.php on line 5
[28-Nov-2022 23:24:16 Asia/Calcutta] PHP Notice:  Undefined index: filename in /var/www/html/Samrons/public_html/public/images.php on line 5
[28-Nov-2022 23:28:32 Asia/Calcutta] PHP Notice:  Undefined index: filename in /var/www/html/Samrons/public_html/public/images.php on line 5
[28-Nov-2022 23:29:10 Asia/Calcutta] PHP Notice:  Undefined index: filename in /var/www/html/Samrons/public_html/public/images.php on line 5
[28-Nov-2022 23:30:33 Asia/Calcutta] PHP Notice:  Undefined index: filename in /var/www/html/Samrons/public_html/public/images.php on line 5
[28-Nov-2022 23:32:01 Asia/Calcutta] PHP Notice:  Undefined index: filename in /var/www/html/Samrons/public_html/public/images.php on line 5
[29-Nov-2022 12:08:26 Asia/Calcutta] PHP Notice:  Trying to get property 'url_address' of non-object in /var/www/html/Samrons/public_html/app/models/user.class.php on line 272
[29-Nov-2022 12:08:33 Asia/Calcutta] PHP Notice:  Undefined index: filename in /var/www/html/Samrons/public_html/public/images.php on line 5
[29-Nov-2022 12:10:42 Asia/Calcutta] PHP Notice:  Undefined index: filename in /var/www/html/Samrons/public_html/public/images.php on line 5
[29-Nov-2022 12:42:38 Asia/Calcutta] PHP Notice:  Trying to get property 'url_address' of non-object in /var/www/html/Samrons/public_html/app/models/user.class.php on line 272
[29-Nov-2022 12:42:46 Asia/Calcutta] PHP Notice:  Undefined index: filename in /var/www/html/Samrons/public_html/public/images.php on line 5
[29-Nov-2022 17:49:40 Asia/Calcutta] PHP Notice:  Trying to get property 'url_address' of non-object in /var/www/html/Samrons/public_html/app/models/user.class.php on line 272
[02-Dec-2022 17:22:50 Asia/Calcutta] PHP Notice:  Trying to get property 'url_address' of non-object in /var/www/html/Samrons/public_html/app/models/user.class.php on line 272
[02-Dec-2022 17:23:11 Asia/Calcutta] PHP Notice:  Undefined index: filename in /var/www/html/Samrons/public_html/public/images.php on line 5
[02-Dec-2022 17:24:17 Asia/Calcutta] PHP Notice:  Undefined index: filename in /var/www/html/Samrons/public_html/public/images.php on line 5
[02-Dec-2022 17:24:28 Asia/Calcutta] PHP Notice:  Undefined index: filename in /var/www/html/Samrons/public_html/public/images.php on line 5
[02-Dec-2022 17:28:11 Asia/Calcutta] PHP Notice:  Undefined index: filename in /var/www/html/Samrons/public_html/public/images.php on line 5
[03-Dec-2022 14:51:54 Asia/Calcutta] PHP Notice:  Trying to get property 'url_address' of non-object in /var/www/html/Samrons/public_html/app/models/user.class.php on line 272
[03-Dec-2022 14:52:00 Asia/Calcutta] PHP Notice:  Undefined index: filename in /var/www/html/Samrons/public_html/public/images.php on line 5
[03-Dec-2022 14:53:45 Asia/Calcutta] PHP Notice:  Undefined index: filename in /var/www/html/Samrons/public_html/public/images.php on line 5
[03-Dec-2022 15:14:41 Asia/Calcutta] PHP Notice:  Undefined index: filename in /var/www/html/Samrons/public_html/public/images.php on line 5
[03-Dec-2022 15:16:51 Asia/Calcutta] PHP Notice:  Undefined index: filename in /var/www/html/Samrons/public_html/public/images.php on line 5
[03-Dec-2022 15:18:24 Asia/Calcutta] PHP Notice:  Undefined index: filename in /var/www/html/Samrons/public_html/public/images.php on line 5
[03-Dec-2022 16:04:25 Asia/Calcutta] PHP Notice:  Undefined index: filename in /var/www/html/Samrons/public_html/public/images.php on line 5
[03-Dec-2022 16:04:39 Asia/Calcutta] PHP Notice:  Undefined index: filename in /var/www/html/Samrons/public_html/public/images.php on line 5
[03-Dec-2022 16:04:48 Asia/Calcutta] PHP Notice:  Undefined index: id in /var/www/html/Samrons/public_html/app/controllers/admin.php on line 18
[03-Dec-2022 16:26:29 Asia/Calcutta] PHP Notice:  Undefined index: filename in /var/www/html/Samrons/public_html/public/images.php on line 5
[03-Dec-2022 16:27:22 Asia/Calcutta] PHP Notice:  Undefined index: filename in /var/www/html/Samrons/public_html/public/images.php on line 5
[03-Dec-2022 16:40:38 Asia/Calcutta] PHP Notice:  Undefined index: filename in /var/www/html/Samrons/public_html/public/images.php on line 5
[03-Dec-2022 16:40:59 Asia/Calcutta] PHP Notice:  Undefined index: id in /var/www/html/Samrons/public_html/app/controllers/admin.php on line 18
[03-Dec-2022 16:40:59 Asia/Calcutta] PHP Notice:  Undefined index: filename in /var/www/html/Samrons/public_html/public/images.php on line 5
[03-Dec-2022 16:41:19 Asia/Calcutta] PHP Notice:  Undefined index: id in /var/www/html/Samrons/public_html/app/controllers/admin.php on line 18
[03-Dec-2022 16:41:20 Asia/Calcutta] PHP Notice:  Undefined index: filename in /var/www/html/Samrons/public_html/public/images.php on line 5
[03-Dec-2022 16:42:57 Asia/Calcutta] PHP Notice:  Undefined index: id in /var/www/html/Samrons/public_html/app/controllers/admin.php on line 18
[03-Dec-2022 16:42:58 Asia/Calcutta] PHP Notice:  Undefined index: filename in /var/www/html/Samrons/public_html/public/images.php on line 5
[03-Dec-2022 16:43:03 Asia/Calcutta] PHP Notice:  Undefined index: filename in /var/www/html/Samrons/public_html/public/images.php on line 5
[03-Dec-2022 16:43:12 Asia/Calcutta] PHP Notice:  Undefined index: filename in /var/www/html/Samrons/public_html/public/images.php on line 5
[03-Dec-2022 16:44:36 Asia/Calcutta] PHP Notice:  Undefined index: filename in /var/www/html/Samrons/public_html/public/images.php on line 5
[03-Dec-2022 16:50:12 Asia/Calcutta] PHP Notice:  Undefined index: filename in /var/www/html/Samrons/public_html/public/images.php on line 5
[03-Dec-2022 16:50:50 Asia/Calcutta] PHP Notice:  Undefined index: filename in /var/www/html/Samrons/public_html/public/images.php on line 5
[03-Dec-2022 16:51:12 Asia/Calcutta] PHP Notice:  Undefined index: filename in /var/www/html/Samrons/public_html/public/images.php on line 5
[03-Dec-2022 16:51:30 Asia/Calcutta] PHP Notice:  Undefined index: filename in /var/www/html/Samrons/public_html/public/images.php on line 5
[03-Dec-2022 16:51:37 Asia/Calcutta] PHP Notice:  Undefined index: filename in /var/www/html/Samrons/public_html/public/images.php on line 5
[03-Dec-2022 16:53:29 Asia/Calcutta] PHP Notice:  Undefined index: filename in /var/www/html/Samrons/public_html/public/images.php on line 5
[03-Dec-2022 16:55:40 Asia/Calcutta] PHP Notice:  Undefined index: filename in /var/www/html/Samrons/public_html/public/images.php on line 5
[03-Dec-2022 16:57:09 Asia/Calcutta] PHP Notice:  Undefined index: filename in /var/www/html/Samrons/public_html/public/images.php on line 5
[03-Dec-2022 16:58:17 Asia/Calcutta] PHP Notice:  Undefined index: filename in /var/www/html/Samrons/public_html/public/images.php on line 5
[03-Dec-2022 17:04:21 Asia/Calcutta] PHP Notice:  Undefined index: filename in /var/www/html/Samrons/public_html/public/images.php on line 5
[03-Dec-2022 17:05:26 Asia/Calcutta] PHP Notice:  Undefined index: filename in /var/www/html/Samrons/public_html/public/images.php on line 5
[03-Dec-2022 17:13:06 Asia/Calcutta] PHP Notice:  Trying to get property 'url_address' of non-object in /var/www/html/Samrons/public_html/app/models/user.class.php on line 272
[03-Dec-2022 17:13:22 Asia/Calcutta] PHP Notice:  Undefined index: filename in /var/www/html/Samrons/public_html/public/images.php on line 5
[03-Dec-2022 17:23:20 Asia/Calcutta] PHP Notice:  Undefined index: filename in /var/www/html/Samrons/public_html/public/images.php on line 5
[03-Dec-2022 17:26:33 Asia/Calcutta] PHP Notice:  Undefined index: filename in /var/www/html/Samrons/public_html/public/images.php on line 5
[03-Dec-2022 17:27:21 Asia/Calcutta] PHP Notice:  Undefined index: filename in /var/www/html/Samrons/public_html/public/images.php on line 5
[03-Dec-2022 17:28:49 Asia/Calcutta] PHP Notice:  Undefined index: filename in /var/www/html/Samrons/public_html/public/images.php on line 5
[03-Dec-2022 17:31:10 Asia/Calcutta] PHP Notice:  Undefined index: filename in /var/www/html/Samrons/public_html/public/images.php on line 5
[03-Dec-2022 17:32:12 Asia/Calcutta] PHP Notice:  Undefined index: filename in /var/www/html/Samrons/public_html/public/images.php on line 5
[03-Dec-2022 17:33:24 Asia/Calcutta] PHP Notice:  Undefined index: filename in /var/www/html/Samrons/public_html/public/images.php on line 5
[03-Dec-2022 17:34:57 Asia/Calcutta] PHP Notice:  Undefined index: filename in /var/www/html/Samrons/public_html/public/images.php on line 5
[03-Dec-2022 17:37:05 Asia/Calcutta] PHP Notice:  Undefined index: filename in /var/www/html/Samrons/public_html/public/images.php on line 5
[03-Dec-2022 18:29:43 Asia/Calcutta] PHP Notice:  Undefined index: filename in /var/www/html/Samrons/public_html/public/images.php on line 5
[03-Dec-2022 18:35:24 Asia/Calcutta] PHP Notice:  Undefined index: filename in /var/www/html/Samrons/public_html/public/images.php on line 5
[03-Dec-2022 21:29:07 Asia/Calcutta] PHP Notice:  Undefined index: filename in /var/www/html/Samrons/public_html/public/images.php on line 5
[03-Dec-2022 21:29:13 Asia/Calcutta] PHP Notice:  Undefined index: filename in /var/www/html/Samrons/public_html/public/images.php on line 5
[03-Dec-2022 21:29:24 Asia/Calcutta] PHP Notice:  Undefined index: filename in /var/www/html/Samrons/public_html/public/images.php on line 5
[03-Dec-2022 21:29:38 Asia/Calcutta] PHP Notice:  Undefined index: filename in /var/www/html/Samrons/public_html/public/images.php on line 5
[03-Dec-2022 21:29:49 Asia/Calcutta] PHP Notice:  Undefined index: filename in /var/www/html/Samrons/public_html/public/images.php on line 5
[03-Dec-2022 21:31:11 Asia/Calcutta] PHP Notice:  Undefined index: filename in /var/www/html/Samrons/public_html/public/images.php on line 5
[03-Dec-2022 21:32:07 Asia/Calcutta] PHP Notice:  Undefined index: filename in /var/www/html/Samrons/public_html/public/images.php on line 5
[03-Dec-2022 21:32:25 Asia/Calcutta] PHP Notice:  Undefined index: filename in /var/www/html/Samrons/public_html/public/images.php on line 5
[03-Dec-2022 21:46:47 Asia/Calcutta] PHP Notice:  Undefined index: filename in /var/www/html/Samrons/public_html/public/images.php on line 5
[03-Dec-2022 21:47:17 Asia/Calcutta] PHP Notice:  Undefined index: filename in /var/www/html/Samrons/public_html/public/images.php on line 5
[03-Dec-2022 21:47:37 Asia/Calcutta] PHP Fatal error:  Uncaught Error: Call to undefined method PDO::write() in /var/www/html/Samrons/public_html/app/models/vendormodel.class.php:17
Stack trace:
#0 /var/www/html/Samrons/public_html/app/controllers/vendor.php(17): vendormodel->add_categories(Array)
#1 /var/www/html/Samrons/public_html/app/core/app.php(32): vendor->addCategories('home')
#2 /var/www/html/Samrons/public_html/public/index.php(16): App->__construct()
#3 {main}
  thrown in /var/www/html/Samrons/public_html/app/models/vendormodel.class.php on line 17
[03-Dec-2022 21:49:52 Asia/Calcutta] PHP Notice:  Undefined index: filename in /var/www/html/Samrons/public_html/public/images.php on line 5
[03-Dec-2022 21:50:00 Asia/Calcutta] PHP Fatal error:  Uncaught Error: Call to undefined method PDO::write() in /var/www/html/Samrons/public_html/app/models/vendormodel.class.php:17
Stack trace:
#0 /var/www/html/Samrons/public_html/app/controllers/vendor.php(17): vendormodel->add_categories(Array)
#1 /var/www/html/Samrons/public_html/app/core/app.php(32): vendor->addCategories('home')
#2 /var/www/html/Samrons/public_html/public/index.php(16): App->__construct()
#3 {main}
  thrown in /var/www/html/Samrons/public_html/app/models/vendormodel.class.php on line 17
[03-Dec-2022 21:56:25 Asia/Calcutta] PHP Fatal error:  Uncaught Error: Call to undefined method PDO::write() in /var/www/html/Samrons/public_html/app/models/vendormodel.class.php:17
Stack trace:
#0 /var/www/html/Samrons/public_html/app/controllers/vendor.php(17): vendormodel->add_categories(Array)
#1 /var/www/html/Samrons/public_html/app/core/app.php(32): vendor->addCategories('home')
#2 /var/www/html/Samrons/public_html/public/index.php(16): App->__construct()
#3 {main}
  thrown in /var/www/html/Samrons/public_html/app/models/vendormodel.class.php on line 17
[03-Dec-2022 21:57:00 Asia/Calcutta] PHP Fatal error:  Uncaught Error: Call to undefined method PDO::write() in /var/www/html/Samrons/public_html/app/models/vendormodel.class.php:17
Stack trace:
#0 /var/www/html/Samrons/public_html/app/controllers/vendor.php(17): vendormodel->add_categories(Array)
#1 /var/www/html/Samrons/public_html/app/core/app.php(32): vendor->addCategories('home')
#2 /var/www/html/Samrons/public_html/public/index.php(16): App->__construct()
#3 {main}
  thrown in /var/www/html/Samrons/public_html/app/models/vendormodel.class.php on line 17
[03-Dec-2022 21:57:03 Asia/Calcutta] PHP Notice:  Undefined index: filename in /var/www/html/Samrons/public_html/public/images.php on line 5
[03-Dec-2022 21:57:50 Asia/Calcutta] PHP Fatal error:  Uncaught Error: Call to undefined method PDO::write() in /var/www/html/Samrons/public_html/app/models/vendormodel.class.php:17
Stack trace:
#0 /var/www/html/Samrons/public_html/app/controllers/vendor.php(17): vendormodel->add_categories(Array)
#1 /var/www/html/Samrons/public_html/app/core/app.php(32): vendor->addCategories('home')
#2 /var/www/html/Samrons/public_html/public/index.php(16): App->__construct()
#3 {main}
  thrown in /var/www/html/Samrons/public_html/app/models/vendormodel.class.php on line 17
[03-Dec-2022 21:59:40 Asia/Calcutta] PHP Notice:  Undefined index: categories in /var/www/html/Samrons/public_html/app/views/samrons/admin/addCategories.php on line 174
[03-Dec-2022 21:59:40 Asia/Calcutta] PHP Warning:  Invalid argument supplied for foreach() in /var/www/html/Samrons/public_html/app/views/samrons/admin/addCategories.php on line 174
[03-Dec-2022 21:59:50 Asia/Calcutta] PHP Notice:  Undefined index: filename in /var/www/html/Samrons/public_html/public/images.php on line 5
[03-Dec-2022 22:24:00 Asia/Calcutta] PHP Notice:  Undefined index: filename in /var/www/html/Samrons/public_html/public/images.php on line 5
[03-Dec-2022 22:24:20 Asia/Calcutta] PHP Notice:  Undefined index: filename in /var/www/html/Samrons/public_html/public/images.php on line 5
[03-Dec-2022 22:24:51 Asia/Calcutta] PHP Notice:  Undefined index: filename in /var/www/html/Samrons/public_html/public/images.php on line 5
[03-Dec-2022 22:25:43 Asia/Calcutta] PHP Notice:  Undefined index: filename in /var/www/html/Samrons/public_html/public/images.php on line 5
[03-Dec-2022 22:27:11 Asia/Calcutta] PHP Notice:  Undefined index: filename in /var/www/html/Samrons/public_html/public/images.php on line 5
[03-Dec-2022 22:40:58 Asia/Calcutta] PHP Notice:  Undefined index: filename in /var/www/html/Samrons/public_html/public/images.php on line 5
[03-Dec-2022 22:42:41 Asia/Calcutta] PHP Notice:  Undefined index: filename in /var/www/html/Samrons/public_html/public/images.php on line 5
[03-Dec-2022 22:44:13 Asia/Calcutta] PHP Notice:  Undefined index: filename in /var/www/html/Samrons/public_html/public/images.php on line 5
[03-Dec-2022 22:45:18 Asia/Calcutta] PHP Notice:  Undefined index: filename in /var/www/html/Samrons/public_html/public/images.php on line 5
[03-Dec-2022 22:45:51 Asia/Calcutta] PHP Notice:  Undefined index: filename in /var/www/html/Samrons/public_html/public/images.php on line 5
[03-Dec-2022 22:46:28 Asia/Calcutta] PHP Notice:  Undefined index: filename in /var/www/html/Samrons/public_html/public/images.php on line 5
[03-Dec-2022 22:47:14 Asia/Calcutta] PHP Notice:  Undefined index: filename in /var/www/html/Samrons/public_html/public/images.php on line 5
[03-Dec-2022 22:48:02 Asia/Calcutta] PHP Notice:  Undefined index: filename in /var/www/html/Samrons/public_html/public/images.php on line 5
[03-Dec-2022 22:49:49 Asia/Calcutta] PHP Warning:  Invalid argument supplied for foreach() in /var/www/html/Samrons/public_html/app/views/samrons/admin/addCategories.php on line 174
[03-Dec-2022 22:49:50 Asia/Calcutta] PHP Notice:  Undefined index: filename in /var/www/html/Samrons/public_html/public/images.php on line 5
[03-Dec-2022 22:50:03 Asia/Calcutta] PHP Warning:  Invalid argument supplied for foreach() in /var/www/html/Samrons/public_html/app/views/samrons/admin/addCategories.php on line 174
[03-Dec-2022 22:52:03 Asia/Calcutta] PHP Fatal error:  Uncaught Error: Cannot use object of type stdClass as array in /var/www/html/Samrons/public_html/app/views/samrons/admin/addCategories.php:177
Stack trace:
#0 /var/www/html/Samrons/public_html/app/core/controller.php(10): include()
#1 /var/www/html/Samrons/public_html/app/controllers/admin.php(51): controller->view('samrons/admin/a...', Array)
#2 /var/www/html/Samrons/public_html/app/core/app.php(32): Admin->addCategories('home')
#3 /var/www/html/Samrons/public_html/public/index.php(16): App->__construct()
#4 {main}
  thrown in /var/www/html/Samrons/public_html/app/views/samrons/admin/addCategories.php on line 177
[03-Dec-2022 22:52:03 Asia/Calcutta] PHP Notice:  Undefined index: filename in /var/www/html/Samrons/public_html/public/images.php on line 5
[03-Dec-2022 22:52:15 Asia/Calcutta] PHP Fatal error:  Uncaught Error: Cannot use object of type stdClass as array in /var/www/html/Samrons/public_html/app/views/samrons/admin/addCategories.php:177
Stack trace:
#0 /var/www/html/Samrons/public_html/app/core/controller.php(10): include()
#1 /var/www/html/Samrons/public_html/app/controllers/admin.php(51): controller->view('samrons/admin/a...', Array)
#2 /var/www/html/Samrons/public_html/app/core/app.php(32): Admin->addCategories('home')
#3 /var/www/html/Samrons/public_html/public/index.php(16): App->__construct()
#4 {main}
  thrown in /var/www/html/Samrons/public_html/app/views/samrons/admin/addCategories.php on line 177
[03-Dec-2022 22:52:15 Asia/Calcutta] PHP Notice:  Undefined index: filename in /var/www/html/Samrons/public_html/public/images.php on line 5
[03-Dec-2022 22:52:51 Asia/Calcutta] PHP Fatal error:  Uncaught Error: Cannot use object of type stdClass as array in /var/www/html/Samrons/public_html/app/views/samrons/admin/addCategories.php:178
Stack trace:
#0 /var/www/html/Samrons/public_html/app/core/controller.php(10): include()
#1 /var/www/html/Samrons/public_html/app/controllers/admin.php(51): controller->view('samrons/admin/a...', Array)
#2 /var/www/html/Samrons/public_html/app/core/app.php(32): Admin->addCategories('home')
#3 /var/www/html/Samrons/public_html/public/index.php(16): App->__construct()
#4 {main}
  thrown in /var/www/html/Samrons/public_html/app/views/samrons/admin/addCategories.php on line 178
[03-Dec-2022 22:52:52 Asia/Calcutta] PHP Notice:  Undefined index: filename in /var/www/html/Samrons/public_html/public/images.php on line 5
[03-Dec-2022 22:52:58 Asia/Calcutta] PHP Fatal error:  Uncaught Error: Cannot use object of type stdClass as array in /var/www/html/Samrons/public_html/app/views/samrons/admin/addCategories.php:178
Stack trace:
#0 /var/www/html/Samrons/public_html/app/core/controller.php(10): include()
#1 /var/www/html/Samrons/public_html/app/controllers/admin.php(51): controller->view('samrons/admin/a...', Array)
#2 /var/www/html/Samrons/public_html/app/core/app.php(32): Admin->addCategories('home')
#3 /var/www/html/Samrons/public_html/public/index.php(16): App->__construct()
#4 {main}
  thrown in /var/www/html/Samrons/public_html/app/views/samrons/admin/addCategories.php on line 178
[03-Dec-2022 22:54:18 Asia/Calcutta] PHP Fatal error:  Uncaught Error: Cannot use object of type stdClass as array in /var/www/html/Samrons/public_html/app/views/samrons/admin/addCategories.php:178
Stack trace:
#0 /var/www/html/Samrons/public_html/app/core/controller.php(10): include()
#1 /var/www/html/Samrons/public_html/app/controllers/admin.php(51): controller->view('samrons/admin/a...', Array)
#2 /var/www/html/Samrons/public_html/app/core/app.php(32): Admin->addCategories('home')
#3 /var/www/html/Samrons/public_html/public/index.php(16): App->__construct()
#4 {main}
  thrown in /var/www/html/Samrons/public_html/app/views/samrons/admin/addCategories.php on line 178
[03-Dec-2022 22:54:21 Asia/Calcutta] PHP Fatal error:  Uncaught Error: Cannot use object of type stdClass as array in /var/www/html/Samrons/public_html/app/views/samrons/admin/addCategories.php:178
Stack trace:
#0 /var/www/html/Samrons/public_html/app/core/controller.php(10): include()
#1 /var/www/html/Samrons/public_html/app/controllers/admin.php(51): controller->view('samrons/admin/a...', Array)
#2 /var/www/html/Samrons/public_html/app/core/app.php(32): Admin->addCategories('home')
#3 /var/www/html/Samrons/public_html/public/index.php(16): App->__construct()
#4 {main}
  thrown in /var/www/html/Samrons/public_html/app/views/samrons/admin/addCategories.php on line 178
[03-Dec-2022 22:54:23 Asia/Calcutta] PHP Notice:  Undefined index: filename in /var/www/html/Samrons/public_html/public/images.php on line 5
[03-Dec-2022 22:54:34 Asia/Calcutta] PHP Fatal error:  Uncaught Error: Cannot use object of type stdClass as array in /var/www/html/Samrons/public_html/app/views/samrons/admin/addCategories.php:178
Stack trace:
#0 /var/www/html/Samrons/public_html/app/core/controller.php(10): include()
#1 /var/www/html/Samrons/public_html/app/controllers/admin.php(51): controller->view('samrons/admin/a...', Array)
#2 /var/www/html/Samrons/public_html/app/core/app.php(32): Admin->addCategories('home')
#3 /var/www/html/Samrons/public_html/public/index.php(16): App->__construct()
#4 {main}
  thrown in /var/www/html/Samrons/public_html/app/views/samrons/admin/addCategories.php on line 178
[03-Dec-2022 22:56:08 Asia/Calcutta] PHP Warning:  Invalid argument supplied for foreach() in /var/www/html/Samrons/public_html/app/views/samrons/admin/addCategories.php on line 176
[03-Dec-2022 22:56:09 Asia/Calcutta] PHP Notice:  Undefined index: filename in /var/www/html/Samrons/public_html/public/images.php on line 5
[03-Dec-2022 22:56:18 Asia/Calcutta] PHP Warning:  Invalid argument supplied for foreach() in /var/www/html/Samrons/public_html/app/views/samrons/admin/addCategories.php on line 176
[03-Dec-2022 22:57:10 Asia/Calcutta] PHP Warning:  Invalid argument supplied for foreach() in /var/www/html/Samrons/public_html/app/views/samrons/admin/addCategories.php on line 176
[03-Dec-2022 22:58:17 Asia/Calcutta] PHP Warning:  json_decode() expects parameter 1 to be string, array given in /var/www/html/Samrons/public_html/app/views/samrons/admin/addCategories.php on line 178
[03-Dec-2022 22:59:00 Asia/Calcutta] PHP Notice:  Undefined index: filename in /var/www/html/Samrons/public_html/public/images.php on line 5
[03-Dec-2022 23:04:11 Asia/Calcutta] PHP Notice:  Undefined index: filename in /var/www/html/Samrons/public_html/public/images.php on line 5
[03-Dec-2022 23:07:21 Asia/Calcutta] PHP Notice:  Undefined index: filename in /var/www/html/Samrons/public_html/public/images.php on line 5
[03-Dec-2022 23:08:28 Asia/Calcutta] PHP Notice:  Undefined index: filename in /var/www/html/Samrons/public_html/public/images.php on line 5
[03-Dec-2022 23:11:23 Asia/Calcutta] PHP Notice:  Undefined index: filename in /var/www/html/Samrons/public_html/public/images.php on line 5
[03-Dec-2022 23:15:01 Asia/Calcutta] PHP Notice:  Undefined index: filename in /var/www/html/Samrons/public_html/public/images.php on line 5
[03-Dec-2022 23:19:02 Asia/Calcutta] PHP Notice:  Undefined index: filename in /var/www/html/Samrons/public_html/public/images.php on line 5
[03-Dec-2022 23:19:28 Asia/Calcutta] PHP Notice:  Undefined index: filename in /var/www/html/Samrons/public_html/public/images.php on line 5
[03-Dec-2022 23:29:10 Asia/Calcutta] PHP Notice:  Undefined index: filename in /var/www/html/Samrons/public_html/public/images.php on line 5
[03-Dec-2022 23:36:02 Asia/Calcutta] PHP Notice:  Undefined index: filename in /var/www/html/Samrons/public_html/public/images.php on line 5
[03-Dec-2022 23:43:10 Asia/Calcutta] PHP Notice:  Undefined index: filename in /var/www/html/Samrons/public_html/public/images.php on line 5
[03-Dec-2022 23:44:45 Asia/Calcutta] PHP Notice:  Undefined index: filename in /var/www/html/Samrons/public_html/public/images.php on line 5
[03-Dec-2022 23:47:44 Asia/Calcutta] PHP Notice:  Undefined index: filename in /var/www/html/Samrons/public_html/public/images.php on line 5
[03-Dec-2022 23:48:36 Asia/Calcutta] PHP Notice:  Undefined index: filename in /var/www/html/Samrons/public_html/public/images.php on line 5
[03-Dec-2022 23:51:59 Asia/Calcutta] PHP Notice:  Undefined index: filename in /var/www/html/Samrons/public_html/public/images.php on line 5
[07-Dec-2022 16:49:34 Asia/Calcutta] PHP Notice:  Undefined index: filename in /var/www/html/Samrons/public_html/public/images.php on line 5
[07-Dec-2022 16:50:07 Asia/Calcutta] PHP Notice:  Undefined index: filename in /var/www/html/Samrons/public_html/public/images.php on line 5
[07-Dec-2022 22:51:21 Asia/Calcutta] PHP Notice:  Trying to get property 'url_address' of non-object in /var/www/html/Samrons/public_html/app/models/user.class.php on line 272
[07-Dec-2022 22:51:41 Asia/Calcutta] PHP Notice:  Undefined index: filename in /var/www/html/Samrons/public_html/public/images.php on line 5
[07-Dec-2022 22:52:23 Asia/Calcutta] PHP Notice:  Undefined index: filename in /var/www/html/Samrons/public_html/public/images.php on line 5
[07-Dec-2022 22:58:51 Asia/Calcutta] PHP Notice:  Trying to get property 'url_address' of non-object in /var/www/html/Samrons/public_html/app/models/user.class.php on line 272
[07-Dec-2022 22:58:51 Asia/Calcutta] PHP Notice:  Trying to get property 'url_address' of non-object in /var/www/html/Samrons/public_html/app/models/user.class.php on line 272
[07-Dec-2022 22:58:58 Asia/Calcutta] PHP Notice:  Undefined index: filename in /var/www/html/Samrons/public_html/public/images.php on line 5
[07-Dec-2022 22:59:33 Asia/Calcutta] PHP Notice:  Undefined index: filename in /var/www/html/Samrons/public_html/public/images.php on line 5
[07-Dec-2022 23:08:01 Asia/Calcutta] PHP Notice:  Undefined index: filename in /var/www/html/Samrons/public_html/public/images.php on line 5
[07-Dec-2022 23:09:52 Asia/Calcutta] PHP Notice:  Undefined index: filename in /var/www/html/Samrons/public_html/public/images.php on line 5
[07-Dec-2022 23:10:08 Asia/Calcutta] PHP Notice:  Undefined index: filename in /var/www/html/Samrons/public_html/public/images.php on line 5
[07-Dec-2022 23:11:02 Asia/Calcutta] PHP Notice:  Undefined index: filename in /var/www/html/Samrons/public_html/public/images.php on line 5
[07-Dec-2022 23:11:40 Asia/Calcutta] PHP Notice:  Undefined index: filename in /var/www/html/Samrons/public_html/public/images.php on line 5
[07-Dec-2022 23:15:39 Asia/Calcutta] PHP Notice:  Undefined index: filename in /var/www/html/Samrons/public_html/public/images.php on line 5
[07-Dec-2022 23:15:39 Asia/Calcutta] PHP Notice:  Undefined index: filename in /var/www/html/Samrons/public_html/public/images.php on line 5
[07-Dec-2022 23:17:37 Asia/Calcutta] PHP Notice:  Undefined index: filename in /var/www/html/Samrons/public_html/public/images.php on line 5
[07-Dec-2022 23:17:37 Asia/Calcutta] PHP Notice:  Undefined index: filename in /var/www/html/Samrons/public_html/public/images.php on line 5
[07-Dec-2022 23:18:21 Asia/Calcutta] PHP Notice:  Undefined index: filename in /var/www/html/Samrons/public_html/public/images.php on line 5
[07-Dec-2022 23:22:09 Asia/Calcutta] PHP Notice:  Undefined index: filename in /var/www/html/Samrons/public_html/public/images.php on line 5
[07-Dec-2022 23:25:48 Asia/Calcutta] PHP Notice:  Undefined index: filename in /var/www/html/Samrons/public_html/public/images.php on line 5
[07-Dec-2022 23:30:39 Asia/Calcutta] PHP Notice:  Undefined index: filename in /var/www/html/Samrons/public_html/public/images.php on line 5
[07-Dec-2022 23:32:12 Asia/Calcutta] PHP Notice:  Undefined index: filename in /var/www/html/Samrons/public_html/public/images.php on line 5
[07-Dec-2022 23:33:37 Asia/Calcutta] PHP Notice:  Undefined index: filename in /var/www/html/Samrons/public_html/public/images.php on line 5
[07-Dec-2022 23:34:45 Asia/Calcutta] PHP Notice:  Undefined index: filename in /var/www/html/Samrons/public_html/public/images.php on line 5
[07-Dec-2022 23:35:16 Asia/Calcutta] PHP Notice:  Undefined index: filename in /var/www/html/Samrons/public_html/public/images.php on line 5
[07-Dec-2022 23:35:38 Asia/Calcutta] PHP Notice:  Undefined index: filename in /var/www/html/Samrons/public_html/public/images.php on line 5
[07-Dec-2022 23:38:14 Asia/Calcutta] PHP Notice:  Undefined index: filename in /var/www/html/Samrons/public_html/public/images.php on line 5
[07-Dec-2022 23:38:39 Asia/Calcutta] PHP Notice:  Undefined index: filename in /var/www/html/Samrons/public_html/public/images.php on line 5
[07-Dec-2022 23:40:12 Asia/Calcutta] PHP Notice:  Undefined index: filename in /var/www/html/Samrons/public_html/public/images.php on line 5
[07-Dec-2022 23:43:35 Asia/Calcutta] PHP Notice:  Undefined index: filename in /var/www/html/Samrons/public_html/public/images.php on line 5
[07-Dec-2022 23:44:15 Asia/Calcutta] PHP Notice:  Undefined index: filename in /var/www/html/Samrons/public_html/public/images.php on line 5
[07-Dec-2022 23:45:14 Asia/Calcutta] PHP Notice:  Undefined index: filename in /var/www/html/Samrons/public_html/public/images.php on line 5
[07-Dec-2022 23:45:58 Asia/Calcutta] PHP Notice:  Undefined index: filename in /var/www/html/Samrons/public_html/public/images.php on line 5
